[0.057s] Invoking command in '/home/quang/ros2_robotics_cpp/src/pub_plot/build/pub_cpp': CMAKE_PREFIX_PATH=${CMAKE_PREFIX_PATH}:/home/quang/ros2_robotics_cpp/src/pub_plot/install/py_plotting /usr/bin/cmake --build /home/quang/ros2_robotics_cpp/src/pub_plot/build/pub_cpp -- -j8 -l8
[0.188s] -- Found ament_cmake: 1.3.3 (/opt/ros/humble/share/ament_cmake/cmake)
[0.566s] Traceback (most recent call last):
[0.566s]   File "/opt/ros/humble/share/ament_cmake_core/cmake/package_templates/templates_2_cmake.py", line 21, in <module>
[0.566s]     from ament_package.templates import get_environment_hook_template_path
[0.566s] ModuleNotFoundError: No module named 'ament_package'
[0.578s] [31mCMake Error at /opt/ros/humble/share/ament_cmake_core/cmake/ament_cmake_package_templates-extras.cmake:41 (message):
[0.578s]   execute_process(/usr/bin/python3.10
[0.578s]   /opt/ros/humble/share/ament_cmake_core/cmake/package_templates/templates_2_cmake.py
[0.578s]   /home/quang/ros2_robotics_cpp/src/pub_plot/build/pub_cpp/ament_cmake_package_templates/templates.cmake)
[0.578s]   returned error code 1
[0.578s] Call Stack (most recent call first):
[0.578s]   /opt/ros/humble/share/ament_cmake_core/cmake/ament_cmake_coreConfig.cmake:41 (include)
[0.579s]   /opt/ros/humble/share/ament_cmake/cmake/ament_cmake_export_dependencies-extras.cmake:15 (find_package)
[0.579s]   /opt/ros/humble/share/ament_cmake/cmake/ament_cmakeConfig.cmake:41 (include)
[0.579s]   CMakeLists.txt:9 (find_package)
[0.579s] 
[0.579s] [0m
[0.579s] -- Configuring incomplete, errors occurred!
[0.579s] See also "/home/quang/ros2_robotics_cpp/src/pub_plot/build/pub_cpp/CMakeFiles/CMakeOutput.log".
[0.600s] gmake: *** [Makefile:267: cmake_check_build_system] Error 1
[0.602s] Invoked command in '/home/quang/ros2_robotics_cpp/src/pub_plot/build/pub_cpp' returned '2': CMAKE_PREFIX_PATH=${CMAKE_PREFIX_PATH}:/home/quang/ros2_robotics_cpp/src/pub_plot/install/py_plotting /usr/bin/cmake --build /home/quang/ros2_robotics_cpp/src/pub_plot/build/pub_cpp -- -j8 -l8
